[08:09:24.86] /m Information: License 'SAE' checked out. (LICENSE-003)
[08:09:26.28] /o sae_shell Version Custom Compiler N-2017.12-SP1-2
              /c Build  (OPT) compiled on Wed May 16 15:20:56 2018 for RHEL64 6.6
              /c Execution time: Fri Mar 13 08:09:23 2026
              /c Host: localhost.localdomain
              /c 
              /c Copyright © 2004-2018 Synopsys, Inc.
              /c This software and the associated documentation are proprietary to Synopsys, Inc. This software may only be used in accordance with the terms and conditions of a written license agreement with Synopsys, Inc. All other use, reproduction, or distribution of this software is strictly prohibited.
              /c 
              /c 
[08:09:26.34] /w Warning: Preference 'leActiveLPP' is deprecated and scheduled for removal in a future release with no replacement. For migration assistance, see the Custom Compiler Tcl Reference Manual. (PREFERENCE-058)
[08:09:26.34] /o 	#######################################
[08:09:26.34] /o 	PDK Library Name	: reference90RF
[08:09:26.34] /o 	PDK Version		: 2.0
[08:09:26.34] /o 	PDK Release Date	: 25-March-2010 
[08:09:26.34] /o 	#######################################
[08:09:26.34] /o 
[08:09:26.35] /i ::sa::_backgroundSaeShell::signalProcessReady 1773364161
[08:09:26.35] /o saeInterBGSaeShell:  ::sa::_backgroundSaeShell::processReady 5
[08:10:23.47] /i ::sa::_backgroundSaeShell::runScript /home/itsupport/simulation/inverter,testbench,schematic/history_1/simulation/default/HSPICE/nominal/.bg_measurement_script.tcl sa::_resultsDatabase::saeShellProcessingCompletedProc testSuiteName saeSession0 testbenchName default resultsDir /home/itsupport/simulation/inverter,testbench,schematic/history_1/simulation/default/HSPICE/nominal/results testSuiteDir /home/itsupport/simulation/inverter,testbench,schematic/history_1/simulation/default/HSPICE/nominal databaseName /home/itsupport/simulation/inverter,testbench,schematic/history_1/simulation/default/HSPICE/nominal/resultsDatabase remoteRun {} testbenchId 1 saveImages true
[08:10:24.27] /m Information: Started sharing "Custom WaveView" license. (WAVEFORM-110)
[08:10:24.40] /o saeInterBGSaeShell:  ::sa::_backgroundSaeShell::scriptFinished 0.9 {} sa::_resultsDatabase::saeShellProcessingCompletedProc testSuiteName saeSession0 testbenchName default resultsDir /home/itsupport/simulation/inverter,testbench,schematic/history_1/simulation/default/HSPICE/nominal/results testSuiteDir /home/itsupport/simulation/inverter,testbench,schematic/history_1/simulation/default/HSPICE/nominal databaseName /home/itsupport/simulation/inverter,testbench,schematic/history_1/simulation/default/HSPICE/nominal/resultsDatabase remoteRun {} testbenchId 1 saveImages true
[08:10:24.40] /o false
[08:11:05.58] /i ::wf::viewerExited
[08:12:12.28] /i ::sa::_backgroundSaeShell::runScript /home/itsupport/simulation/inverter,testbench,schematic/history_1/simulation/default/HSPICE/nominal/.bg_measurement_script.tcl sa::_resultsDatabase::saeShellProcessingCompletedProc testSuiteName saeSession0 testbenchName default resultsDir /home/itsupport/simulation/inverter,testbench,schematic/history_1/simulation/default/HSPICE/nominal/results testSuiteDir /home/itsupport/simulation/inverter,testbench,schematic/history_1/simulation/default/HSPICE/nominal databaseName /home/itsupport/simulation/inverter,testbench,schematic/history_1/simulation/default/HSPICE/nominal/resultsDatabase remoteRun {} testbenchId 1 saveImages true
[08:12:12.55] /o saeInterBGSaeShell:  ::sa::_backgroundSaeShell::scriptFinished 0.2 {} sa::_resultsDatabase::saeShellProcessingCompletedProc testSuiteName saeSession0 testbenchName default resultsDir /home/itsupport/simulation/inverter,testbench,schematic/history_1/simulation/default/HSPICE/nominal/results testSuiteDir /home/itsupport/simulation/inverter,testbench,schematic/history_1/simulation/default/HSPICE/nominal databaseName /home/itsupport/simulation/inverter,testbench,schematic/history_1/simulation/default/HSPICE/nominal/resultsDatabase remoteRun {} testbenchId 1 saveImages true
[08:12:12.55] /o false
[08:12:49.40] /i ::wf::viewerExited
[08:13:16.29] /i ::sa::_backgroundSaeShell::runScript /home/itsupport/simulation/inverter,testbench,schematic/history_1/simulation/default/HSPICE/nominal/.bg_measurement_script.tcl sa::_resultsDatabase::saeShellProcessingCompletedProc testSuiteName saeSession0 testbenchName default resultsDir /home/itsupport/simulation/inverter,testbench,schematic/history_1/simulation/default/HSPICE/nominal/results testSuiteDir /home/itsupport/simulation/inverter,testbench,schematic/history_1/simulation/default/HSPICE/nominal databaseName /home/itsupport/simulation/inverter,testbench,schematic/history_1/simulation/default/HSPICE/nominal/resultsDatabase remoteRun {} testbenchId 1 saveImages true
[08:13:16.52] /o saeInterBGSaeShell:  ::sa::_backgroundSaeShell::scriptFinished 0.2 {} sa::_resultsDatabase::saeShellProcessingCompletedProc testSuiteName saeSession0 testbenchName default resultsDir /home/itsupport/simulation/inverter,testbench,schematic/history_1/simulation/default/HSPICE/nominal/results testSuiteDir /home/itsupport/simulation/inverter,testbench,schematic/history_1/simulation/default/HSPICE/nominal databaseName /home/itsupport/simulation/inverter,testbench,schematic/history_1/simulation/default/HSPICE/nominal/resultsDatabase remoteRun {} testbenchId 1 saveImages true
[08:13:16.52] /o false
[08:14:27.39] /i ::wf::viewerExited
[08:18:17.37] /o saeInterBGSaeShell:  ::sa::_backgroundSaeShell::pingBack
[08:18:17.38] /i ::sa::_backgroundSaeShell::parentRunning
[08:18:17.38] /o 1773364697
[08:18:21.08] /m Information: Stopped sharing "Custom WaveView" license. (WAVEFORM-111)
[08:18:37.20] /i ::sa::_backgroundSaeShell::runScript /home/itsupport/simulation/inverter,testbench,schematic/history_1/simulation/default/HSPICE/nominal/.bg_measurement_script.tcl sa::_resultsDatabase::saeShellProcessingCompletedProc testSuiteName saeSession0 testbenchName default resultsDir /home/itsupport/simulation/inverter,testbench,schematic/history_1/simulation/default/HSPICE/nominal/results testSuiteDir /home/itsupport/simulation/inverter,testbench,schematic/history_1/simulation/default/HSPICE/nominal databaseName /home/itsupport/simulation/inverter,testbench,schematic/history_1/simulation/default/HSPICE/nominal/resultsDatabase remoteRun {} testbenchId 1 saveImages true
[08:18:37.39] /m Information: Started sharing "Custom WaveView" license. (WAVEFORM-110)
[08:18:37.46] /o saeInterBGSaeShell:  ::sa::_backgroundSaeShell::scriptFinished 0.2 {} sa::_resultsDatabase::saeShellProcessingCompletedProc testSuiteName saeSession0 testbenchName default resultsDir /home/itsupport/simulation/inverter,testbench,schematic/history_1/simulation/default/HSPICE/nominal/results testSuiteDir /home/itsupport/simulation/inverter,testbench,schematic/history_1/simulation/default/HSPICE/nominal databaseName /home/itsupport/simulation/inverter,testbench,schematic/history_1/simulation/default/HSPICE/nominal/resultsDatabase remoteRun {} testbenchId 1 saveImages true
[08:18:37.46] /o false
[08:21:36.69] /i ::wf::viewerExited
[08:22:35.00] /i ::sa::_backgroundSaeShell::runScript /home/itsupport/simulation/inverter,testbench,schematic/history_1/simulation/default/HSPICE/nominal/.bg_measurement_script.tcl sa::_resultsDatabase::saeShellProcessingCompletedProc testSuiteName saeSession0 testbenchName default resultsDir /home/itsupport/simulation/inverter,testbench,schematic/history_1/simulation/default/HSPICE/nominal/results testSuiteDir /home/itsupport/simulation/inverter,testbench,schematic/history_1/simulation/default/HSPICE/nominal databaseName /home/itsupport/simulation/inverter,testbench,schematic/history_1/simulation/default/HSPICE/nominal/resultsDatabase remoteRun {} testbenchId 1 saveImages true
[08:22:35.35] /o saeInterBGSaeShell:  ::sa::_backgroundSaeShell::scriptFinished 0.3 {} sa::_resultsDatabase::saeShellProcessingCompletedProc testSuiteName saeSession0 testbenchName default resultsDir /home/itsupport/simulation/inverter,testbench,schematic/history_1/simulation/default/HSPICE/nominal/results testSuiteDir /home/itsupport/simulation/inverter,testbench,schematic/history_1/simulation/default/HSPICE/nominal databaseName /home/itsupport/simulation/inverter,testbench,schematic/history_1/simulation/default/HSPICE/nominal/resultsDatabase remoteRun {} testbenchId 1 saveImages true
[08:22:35.35] /o false
[08:27:36.39] /o saeInterBGSaeShell:  ::sa::_backgroundSaeShell::pingBack
[08:27:36.49] /i ::sa::_backgroundSaeShell::parentRunning
[08:27:36.49] /o 1773365256
[08:27:40.07] /m Information: Stopped sharing "Custom WaveView" license. (WAVEFORM-111)
[08:32:37.40] /o saeInterBGSaeShell:  ::sa::_backgroundSaeShell::pingBack
[08:32:37.48] /i ::sa::_backgroundSaeShell::parentRunning
[08:32:37.48] /o 1773365557
[08:37:38.40] /o saeInterBGSaeShell:  ::sa::_backgroundSaeShell::pingBack
[08:37:38.48] /i ::sa::_backgroundSaeShell::parentRunning
[08:37:38.48] /o 1773365858
[08:42:39.42] /o saeInterBGSaeShell:  ::sa::_backgroundSaeShell::pingBack
[08:42:39.48] /i ::sa::_backgroundSaeShell::parentRunning
[08:42:39.48] /o 1773366159
[08:47:40.43] /o saeInterBGSaeShell:  ::sa::_backgroundSaeShell::pingBack
[08:47:40.50] /i ::sa::_backgroundSaeShell::parentRunning
[08:47:40.50] /o 1773366460
[08:48:01.18] /i ::sa::_backgroundSaeShell::runScript /home/itsupport/simulation/inverter,testbench,schematic/history_1/simulation/default/HSPICE/nominal/.bg_measurement_script.tcl sa::_resultsDatabase::saeShellProcessingCompletedProc testSuiteName saeSession0 testbenchName default resultsDir /home/itsupport/simulation/inverter,testbench,schematic/history_1/simulation/default/HSPICE/nominal/results testSuiteDir /home/itsupport/simulation/inverter,testbench,schematic/history_1/simulation/default/HSPICE/nominal databaseName /home/itsupport/simulation/inverter,testbench,schematic/history_1/simulation/default/HSPICE/nominal/resultsDatabase remoteRun {} testbenchId 1 saveImages true
[08:48:01.38] /m Information: Started sharing "Custom WaveView" license. (WAVEFORM-110)
[08:48:01.46] /o saeInterBGSaeShell:  ::sa::_backgroundSaeShell::scriptFinished 0.2 {} sa::_resultsDatabase::saeShellProcessingCompletedProc testSuiteName saeSession0 testbenchName default resultsDir /home/itsupport/simulation/inverter,testbench,schematic/history_1/simulation/default/HSPICE/nominal/results testSuiteDir /home/itsupport/simulation/inverter,testbench,schematic/history_1/simulation/default/HSPICE/nominal databaseName /home/itsupport/simulation/inverter,testbench,schematic/history_1/simulation/default/HSPICE/nominal/resultsDatabase remoteRun {} testbenchId 1 saveImages true
[08:48:01.46] /o false
[08:48:22.68] /i ::wf::viewerExited
[08:48:32.59] /i ::sa::_backgroundSaeShell::runScript /home/itsupport/simulation/inverter,testbench,schematic/history_1/simulation/default/HSPICE/nominal/.bg_measurement_script.tcl sa::_resultsDatabase::saeShellProcessingCompletedProc testSuiteName saeSession0 testbenchName default resultsDir /home/itsupport/simulation/inverter,testbench,schematic/history_1/simulation/default/HSPICE/nominal/results testSuiteDir /home/itsupport/simulation/inverter,testbench,schematic/history_1/simulation/default/HSPICE/nominal databaseName /home/itsupport/simulation/inverter,testbench,schematic/history_1/simulation/default/HSPICE/nominal/resultsDatabase remoteRun {} testbenchId 1 saveImages true
[08:48:32.94] /o saeInterBGSaeShell:  ::sa::_backgroundSaeShell::scriptFinished 0.3 {} sa::_resultsDatabase::saeShellProcessingCompletedProc testSuiteName saeSession0 testbenchName default resultsDir /home/itsupport/simulation/inverter,testbench,schematic/history_1/simulation/default/HSPICE/nominal/results testSuiteDir /home/itsupport/simulation/inverter,testbench,schematic/history_1/simulation/default/HSPICE/nominal databaseName /home/itsupport/simulation/inverter,testbench,schematic/history_1/simulation/default/HSPICE/nominal/resultsDatabase remoteRun {} testbenchId 1 saveImages true
[08:48:32.94] /o false
[08:50:10.10] /i ::wf::viewerExited
[08:51:34.50] /i ::sa::_backgroundSaeShell::runScript /home/itsupport/simulation/inverter,testbench,schematic/history_1/simulation/default/HSPICE/nominal/.bg_measurement_script.tcl sa::_resultsDatabase::saeShellProcessingCompletedProc testSuiteName saeSession0 testbenchName default resultsDir /home/itsupport/simulation/inverter,testbench,schematic/history_1/simulation/default/HSPICE/nominal/results testSuiteDir /home/itsupport/simulation/inverter,testbench,schematic/history_1/simulation/default/HSPICE/nominal databaseName /home/itsupport/simulation/inverter,testbench,schematic/history_1/simulation/default/HSPICE/nominal/resultsDatabase remoteRun {} testbenchId 1 saveImages true
[08:51:34.74] /o saeInterBGSaeShell:  ::sa::_backgroundSaeShell::scriptFinished 0.2 {} sa::_resultsDatabase::saeShellProcessingCompletedProc testSuiteName saeSession0 testbenchName default resultsDir /home/itsupport/simulation/inverter,testbench,schematic/history_1/simulation/default/HSPICE/nominal/results testSuiteDir /home/itsupport/simulation/inverter,testbench,schematic/history_1/simulation/default/HSPICE/nominal databaseName /home/itsupport/simulation/inverter,testbench,schematic/history_1/simulation/default/HSPICE/nominal/resultsDatabase remoteRun {} testbenchId 1 saveImages true
[08:51:34.74] /o false
[08:52:47.58] /i ::wf::viewerExited
[08:54:15.58] /i ::sa::_backgroundSaeShell::runScript /home/itsupport/simulation/inverter,testbench,schematic/history_1/simulation/default/HSPICE/nominal/.bg_measurement_script.tcl sa::_resultsDatabase::saeShellProcessingCompletedProc testSuiteName saeSession0 testbenchName default resultsDir /home/itsupport/simulation/inverter,testbench,schematic/history_1/simulation/default/HSPICE/nominal/results testSuiteDir /home/itsupport/simulation/inverter,testbench,schematic/history_1/simulation/default/HSPICE/nominal databaseName /home/itsupport/simulation/inverter,testbench,schematic/history_1/simulation/default/HSPICE/nominal/resultsDatabase remoteRun {} testbenchId 1 saveImages true
[08:54:15.82] /o saeInterBGSaeShell:  ::sa::_backgroundSaeShell::scriptFinished 0.2 {} sa::_resultsDatabase::saeShellProcessingCompletedProc testSuiteName saeSession0 testbenchName default resultsDir /home/itsupport/simulation/inverter,testbench,schematic/history_1/simulation/default/HSPICE/nominal/results testSuiteDir /home/itsupport/simulation/inverter,testbench,schematic/history_1/simulation/default/HSPICE/nominal databaseName /home/itsupport/simulation/inverter,testbench,schematic/history_1/simulation/default/HSPICE/nominal/resultsDatabase remoteRun {} testbenchId 1 saveImages true
[08:54:15.82] /o false
[08:59:16.08] /m Information: Stopped sharing "Custom WaveView" license. (WAVEFORM-111)
[08:59:16.46] /o saeInterBGSaeShell:  ::sa::_backgroundSaeShell::pingBack
[08:59:16.48] /i ::sa::_backgroundSaeShell::parentRunning
[08:59:16.48] /o 1773367156
[09:04:17.47] /o saeInterBGSaeShell:  ::sa::_backgroundSaeShell::pingBack
[09:04:17.48] /i ::sa::_backgroundSaeShell::parentRunning
[09:04:17.48] /o 1773367457
[09:09:18.48] /o saeInterBGSaeShell:  ::sa::_backgroundSaeShell::pingBack
[09:09:18.48] /i ::sa::_backgroundSaeShell::parentRunning
[09:09:18.49] /o 1773367758
[09:09:52.99] /i ::wf::viewerExited
[09:12:45.38] /i ::sa::_backgroundSaeShell::runScript /home/itsupport/simulation/inverter,testbench,schematic/history_1/simulation/default/HSPICE/nominal/.bg_measurement_script.tcl sa::_resultsDatabase::saeShellProcessingCompletedProc testSuiteName saeSession0 testbenchName default resultsDir /home/itsupport/simulation/inverter,testbench,schematic/history_1/simulation/default/HSPICE/nominal/results testSuiteDir /home/itsupport/simulation/inverter,testbench,schematic/history_1/simulation/default/HSPICE/nominal databaseName /home/itsupport/simulation/inverter,testbench,schematic/history_1/simulation/default/HSPICE/nominal/resultsDatabase remoteRun {} testbenchId 1 saveImages true
[09:12:45.55] /m Information: Started sharing "Custom WaveView" license. (WAVEFORM-110)
[09:12:45.63] /o saeInterBGSaeShell:  ::sa::_backgroundSaeShell::scriptFinished 0.2 {} sa::_resultsDatabase::saeShellProcessingCompletedProc testSuiteName saeSession0 testbenchName default resultsDir /home/itsupport/simulation/inverter,testbench,schematic/history_1/simulation/default/HSPICE/nominal/results testSuiteDir /home/itsupport/simulation/inverter,testbench,schematic/history_1/simulation/default/HSPICE/nominal databaseName /home/itsupport/simulation/inverter,testbench,schematic/history_1/simulation/default/HSPICE/nominal/resultsDatabase remoteRun {} testbenchId 1 saveImages true
[09:12:45.63] /o false
[09:13:37.08] /i ::wf::viewerExited
[09:17:46.49] /o saeInterBGSaeShell:  ::sa::_backgroundSaeShell::pingBack
[09:17:46.58] /i ::sa::_backgroundSaeShell::parentRunning
[09:17:46.58] /o 1773368266
[09:17:50.07] /m Information: Stopped sharing "Custom WaveView" license. (WAVEFORM-111)
[09:22:47.50] /o saeInterBGSaeShell:  ::sa::_backgroundSaeShell::pingBack
[09:22:47.58] /i ::sa::_backgroundSaeShell::parentRunning
[09:22:47.58] /o 1773368567
[09:24:19.17] /i ::sa::_backgroundSaeShell::runScript /home/itsupport/simulation/inverter,testbench,schematic/history_1/simulation/default/HSPICE/nominal/.bg_measurement_script.tcl sa::_resultsDatabase::saeShellProcessingCompletedProc testSuiteName saeSession0 testbenchName default resultsDir /home/itsupport/simulation/inverter,testbench,schematic/history_1/simulation/default/HSPICE/nominal/results testSuiteDir /home/itsupport/simulation/inverter,testbench,schematic/history_1/simulation/default/HSPICE/nominal databaseName /home/itsupport/simulation/inverter,testbench,schematic/history_1/simulation/default/HSPICE/nominal/resultsDatabase remoteRun {} testbenchId 1 saveImages true
[09:24:19.46] /m Information: Started sharing "Custom WaveView" license. (WAVEFORM-110)
[09:24:19.52] /o saeInterBGSaeShell:  ::sa::_backgroundSaeShell::scriptFinished 0.3 {} sa::_resultsDatabase::saeShellProcessingCompletedProc testSuiteName saeSession0 testbenchName default resultsDir /home/itsupport/simulation/inverter,testbench,schematic/history_1/simulation/default/HSPICE/nominal/results testSuiteDir /home/itsupport/simulation/inverter,testbench,schematic/history_1/simulation/default/HSPICE/nominal databaseName /home/itsupport/simulation/inverter,testbench,schematic/history_1/simulation/default/HSPICE/nominal/resultsDatabase remoteRun {} testbenchId 1 saveImages true
[09:24:19.53] /o false
[09:26:46.18] /i ::wf::viewerExited
[09:29:20.52] /o saeInterBGSaeShell:  ::sa::_backgroundSaeShell::pingBack
[09:29:20.59] /i ::sa::_backgroundSaeShell::parentRunning
[09:29:20.59] /o 1773368960
[09:29:24.07] /m Information: Stopped sharing "Custom WaveView" license. (WAVEFORM-111)
[09:34:21.54] /o saeInterBGSaeShell:  ::sa::_backgroundSaeShell::pingBack
[09:34:21.58] /i ::sa::_backgroundSaeShell::parentRunning
[09:34:21.58] /o 1773369261
[09:36:38.89] /i ::sa::_backgroundSaeShell::runScript /home/itsupport/simulation/inverter,testbench,schematic/history_1/simulation/default/HSPICE/nominal/.bg_measurement_script.tcl sa::_resultsDatabase::saeShellProcessingCompletedProc testSuiteName saeSession0 testbenchName default resultsDir /home/itsupport/simulation/inverter,testbench,schematic/history_1/simulation/default/HSPICE/nominal/results testSuiteDir /home/itsupport/simulation/inverter,testbench,schematic/history_1/simulation/default/HSPICE/nominal databaseName /home/itsupport/simulation/inverter,testbench,schematic/history_1/simulation/default/HSPICE/nominal/resultsDatabase remoteRun {} testbenchId 1 saveImages true
[09:36:39.17] /m Information: Started sharing "Custom WaveView" license. (WAVEFORM-110)
[09:36:39.24] /o saeInterBGSaeShell:  ::sa::_backgroundSaeShell::scriptFinished 0.3 {} sa::_resultsDatabase::saeShellProcessingCompletedProc testSuiteName saeSession0 testbenchName default resultsDir /home/itsupport/simulation/inverter,testbench,schematic/history_1/simulation/default/HSPICE/nominal/results testSuiteDir /home/itsupport/simulation/inverter,testbench,schematic/history_1/simulation/default/HSPICE/nominal databaseName /home/itsupport/simulation/inverter,testbench,schematic/history_1/simulation/default/HSPICE/nominal/resultsDatabase remoteRun {} testbenchId 1 saveImages true
[09:36:39.24] /o false
[09:40:18.30] /i ::wf::viewerExited
[09:41:40.57] /o saeInterBGSaeShell:  ::sa::_backgroundSaeShell::pingBack
[09:41:40.68] /i ::sa::_backgroundSaeShell::parentRunning
[09:41:40.68] /o 1773369700
[09:41:44.07] /m Information: Stopped sharing "Custom WaveView" license. (WAVEFORM-111)
[09:44:57.30] /i ::sa::_backgroundSaeShell::runScript /home/itsupport/simulation/inverter,testbench,schematic/history_1/simulation/default/HSPICE/nominal/.bg_measurement_script.tcl sa::_resultsDatabase::saeShellProcessingCompletedProc testSuiteName saeSession0 testbenchName default resultsDir /home/itsupport/simulation/inverter,testbench,schematic/history_1/simulation/default/HSPICE/nominal/results testSuiteDir /home/itsupport/simulation/inverter,testbench,schematic/history_1/simulation/default/HSPICE/nominal databaseName /home/itsupport/simulation/inverter,testbench,schematic/history_1/simulation/default/HSPICE/nominal/resultsDatabase remoteRun {} testbenchId 1 saveImages true
[09:44:57.47] /m Information: Started sharing "Custom WaveView" license. (WAVEFORM-110)
[09:44:57.54] /o saeInterBGSaeShell:  ::sa::_backgroundSaeShell::scriptFinished 0.2 {} sa::_resultsDatabase::saeShellProcessingCompletedProc testSuiteName saeSession0 testbenchName default resultsDir /home/itsupport/simulation/inverter,testbench,schematic/history_1/simulation/default/HSPICE/nominal/results testSuiteDir /home/itsupport/simulation/inverter,testbench,schematic/history_1/simulation/default/HSPICE/nominal databaseName /home/itsupport/simulation/inverter,testbench,schematic/history_1/simulation/default/HSPICE/nominal/resultsDatabase remoteRun {} testbenchId 1 saveImages true
[09:44:57.54] /o false
[09:46:09.09] /i ::wf::viewerExited
[09:47:30.48] /i ::sa::_backgroundSaeShell::runScript /home/itsupport/simulation/inverter,testbench,schematic/history_1/simulation/default/HSPICE/nominal/.bg_measurement_script.tcl sa::_resultsDatabase::saeShellProcessingCompletedProc testSuiteName saeSession0 testbenchName default resultsDir /home/itsupport/simulation/inverter,testbench,schematic/history_1/simulation/default/HSPICE/nominal/results testSuiteDir /home/itsupport/simulation/inverter,testbench,schematic/history_1/simulation/default/HSPICE/nominal databaseName /home/itsupport/simulation/inverter,testbench,schematic/history_1/simulation/default/HSPICE/nominal/resultsDatabase remoteRun {} testbenchId 1 saveImages true
[09:47:30.71] /o saeInterBGSaeShell:  ::sa::_backgroundSaeShell::scriptFinished 0.2 {} sa::_resultsDatabase::saeShellProcessingCompletedProc testSuiteName saeSession0 testbenchName default resultsDir /home/itsupport/simulation/inverter,testbench,schematic/history_1/simulation/default/HSPICE/nominal/results testSuiteDir /home/itsupport/simulation/inverter,testbench,schematic/history_1/simulation/default/HSPICE/nominal databaseName /home/itsupport/simulation/inverter,testbench,schematic/history_1/simulation/default/HSPICE/nominal/resultsDatabase remoteRun {} testbenchId 1 saveImages true
[09:47:30.71] /o false
[09:47:43.18] /i ::wf::viewerExited
[09:48:02.80] /i ::sa::_backgroundSaeShell::runScript /home/itsupport/simulation/inverter,testbench,schematic/history_1/simulation/default/HSPICE/nominal/.bg_measurement_script.tcl sa::_resultsDatabase::saeShellProcessingCompletedProc testSuiteName saeSession0 testbenchName default resultsDir /home/itsupport/simulation/inverter,testbench,schematic/history_1/simulation/default/HSPICE/nominal/results testSuiteDir /home/itsupport/simulation/inverter,testbench,schematic/history_1/simulation/default/HSPICE/nominal databaseName /home/itsupport/simulation/inverter,testbench,schematic/history_1/simulation/default/HSPICE/nominal/resultsDatabase remoteRun {} testbenchId 1 saveImages true
[09:48:03.04] /o saeInterBGSaeShell:  ::sa::_backgroundSaeShell::scriptFinished 0.2 {} sa::_resultsDatabase::saeShellProcessingCompletedProc testSuiteName saeSession0 testbenchName default resultsDir /home/itsupport/simulation/inverter,testbench,schematic/history_1/simulation/default/HSPICE/nominal/results testSuiteDir /home/itsupport/simulation/inverter,testbench,schematic/history_1/simulation/default/HSPICE/nominal databaseName /home/itsupport/simulation/inverter,testbench,schematic/history_1/simulation/default/HSPICE/nominal/resultsDatabase remoteRun {} testbenchId 1 saveImages true
[09:48:03.04] /o false
[09:51:42.80] /i ::wf::viewerExited
[09:52:37.78] /i ::sa::_backgroundSaeShell::runScript /home/itsupport/simulation/inverter,testbench,schematic/history_1/simulation/default/HSPICE/nominal/.bg_measurement_script.tcl sa::_resultsDatabase::saeShellProcessingCompletedProc testSuiteName saeSession0 testbenchName default resultsDir /home/itsupport/simulation/inverter,testbench,schematic/history_1/simulation/default/HSPICE/nominal/results testSuiteDir /home/itsupport/simulation/inverter,testbench,schematic/history_1/simulation/default/HSPICE/nominal databaseName /home/itsupport/simulation/inverter,testbench,schematic/history_1/simulation/default/HSPICE/nominal/resultsDatabase remoteRun {} testbenchId 1 saveImages true
[09:52:38.02] /o saeInterBGSaeShell:  ::sa::_backgroundSaeShell::scriptFinished 0.2 {} sa::_resultsDatabase::saeShellProcessingCompletedProc testSuiteName saeSession0 testbenchName default resultsDir /home/itsupport/simulation/inverter,testbench,schematic/history_1/simulation/default/HSPICE/nominal/results testSuiteDir /home/itsupport/simulation/inverter,testbench,schematic/history_1/simulation/default/HSPICE/nominal databaseName /home/itsupport/simulation/inverter,testbench,schematic/history_1/simulation/default/HSPICE/nominal/resultsDatabase remoteRun {} testbenchId 1 saveImages true
[09:52:38.02] /o false
[09:55:38.38] /i ::wf::viewerExited
[09:57:18.89] /i ::sa::_backgroundSaeShell::runScript /home/itsupport/simulation/inverter,testbench,schematic/history_1/simulation/default/HSPICE/nominal/.bg_measurement_script.tcl sa::_resultsDatabase::saeShellProcessingCompletedProc testSuiteName saeSession0 testbenchName default resultsDir /home/itsupport/simulation/inverter,testbench,schematic/history_1/simulation/default/HSPICE/nominal/results testSuiteDir /home/itsupport/simulation/inverter,testbench,schematic/history_1/simulation/default/HSPICE/nominal databaseName /home/itsupport/simulation/inverter,testbench,schematic/history_1/simulation/default/HSPICE/nominal/resultsDatabase remoteRun {} testbenchId 1 saveImages true
[09:57:19.12] /o saeInterBGSaeShell:  ::sa::_backgroundSaeShell::scriptFinished 0.2 {} sa::_resultsDatabase::saeShellProcessingCompletedProc testSuiteName saeSession0 testbenchName default resultsDir /home/itsupport/simulation/inverter,testbench,schematic/history_1/simulation/default/HSPICE/nominal/results testSuiteDir /home/itsupport/simulation/inverter,testbench,schematic/history_1/simulation/default/HSPICE/nominal databaseName /home/itsupport/simulation/inverter,testbench,schematic/history_1/simulation/default/HSPICE/nominal/resultsDatabase remoteRun {} testbenchId 1 saveImages true
[09:57:19.12] /o false
[10:02:20.62] /o saeInterBGSaeShell:  ::sa::_backgroundSaeShell::pingBack
[10:02:20.68] /i ::sa::_backgroundSaeShell::parentRunning
[10:02:20.68] /o 1773370940
[10:02:24.08] /m Information: Stopped sharing "Custom WaveView" license. (WAVEFORM-111)
[10:04:15.29] /i ::wf::viewerExited
[10:04:49.58] /i ::sa::_backgroundSaeShell::runScript /home/itsupport/simulation/inverter,testbench,schematic/history_1/simulation/default/HSPICE/nominal/.bg_measurement_script.tcl sa::_resultsDatabase::saeShellProcessingCompletedProc testSuiteName saeSession0 testbenchName default resultsDir /home/itsupport/simulation/inverter,testbench,schematic/history_1/simulation/default/HSPICE/nominal/results testSuiteDir /home/itsupport/simulation/inverter,testbench,schematic/history_1/simulation/default/HSPICE/nominal databaseName /home/itsupport/simulation/inverter,testbench,schematic/history_1/simulation/default/HSPICE/nominal/resultsDatabase remoteRun {} testbenchId 1 saveImages true
[10:04:49.75] /m Information: Started sharing "Custom WaveView" license. (WAVEFORM-110)
[10:04:49.82] /o saeInterBGSaeShell:  ::sa::_backgroundSaeShell::scriptFinished 0.2 {} sa::_resultsDatabase::saeShellProcessingCompletedProc testSuiteName saeSession0 testbenchName default resultsDir /home/itsupport/simulation/inverter,testbench,schematic/history_1/simulation/default/HSPICE/nominal/results testSuiteDir /home/itsupport/simulation/inverter,testbench,schematic/history_1/simulation/default/HSPICE/nominal databaseName /home/itsupport/simulation/inverter,testbench,schematic/history_1/simulation/default/HSPICE/nominal/resultsDatabase remoteRun {} testbenchId 1 saveImages true
[10:04:49.82] /o false
[10:05:00.78] /i ::wf::viewerExited
[10:06:34.19] /i ::sa::_backgroundSaeShell::runScript /home/itsupport/simulation/inverter,testbench,schematic/history_1/simulation/default/HSPICE/nominal/.bg_measurement_script.tcl sa::_resultsDatabase::saeShellProcessingCompletedProc testSuiteName saeSession0 testbenchName default resultsDir /home/itsupport/simulation/inverter,testbench,schematic/history_1/simulation/default/HSPICE/nominal/results testSuiteDir /home/itsupport/simulation/inverter,testbench,schematic/history_1/simulation/default/HSPICE/nominal databaseName /home/itsupport/simulation/inverter,testbench,schematic/history_1/simulation/default/HSPICE/nominal/resultsDatabase remoteRun {} testbenchId 1 saveImages true
[10:06:34.48] /e Error: Evaluating 'v(/net3)': "Could not find net named: net3" (HIERARCHY_COMMANDS-007)
[10:06:34.55] /o saeInterBGSaeShell:  ::sa::_backgroundSaeShell::scriptFinished 0.3 {} sa::_resultsDatabase::saeShellProcessingCompletedProc testSuiteName saeSession0 testbenchName default resultsDir /home/itsupport/simulation/inverter,testbench,schematic/history_1/simulation/default/HSPICE/nominal/results testSuiteDir /home/itsupport/simulation/inverter,testbench,schematic/history_1/simulation/default/HSPICE/nominal databaseName /home/itsupport/simulation/inverter,testbench,schematic/history_1/simulation/default/HSPICE/nominal/resultsDatabase remoteRun {} testbenchId 1 saveImages true
[10:06:34.55] /o false
[10:06:44.70] /i ::wf::viewerExited
[10:07:50.57] /i ::sa::_backgroundSaeShell::runScript /home/itsupport/simulation/inverter,testbench,schematic/history_1/simulation/default/HSPICE/nominal/.bg_measurement_script.tcl sa::_resultsDatabase::saeShellProcessingCompletedProc testSuiteName saeSession0 testbenchName default resultsDir /home/itsupport/simulation/inverter,testbench,schematic/history_1/simulation/default/HSPICE/nominal/results testSuiteDir /home/itsupport/simulation/inverter,testbench,schematic/history_1/simulation/default/HSPICE/nominal databaseName /home/itsupport/simulation/inverter,testbench,schematic/history_1/simulation/default/HSPICE/nominal/resultsDatabase remoteRun {} testbenchId 1 saveImages true
[10:07:50.75] /e Error: Evaluating 'v(/net3)': "Could not find net named: net3" (HIERARCHY_COMMANDS-007)
[10:07:50.81] /o saeInterBGSaeShell:  ::sa::_backgroundSaeShell::scriptFinished 0.2 {} sa::_resultsDatabase::saeShellProcessingCompletedProc testSuiteName saeSession0 testbenchName default resultsDir /home/itsupport/simulation/inverter,testbench,schematic/history_1/simulation/default/HSPICE/nominal/results testSuiteDir /home/itsupport/simulation/inverter,testbench,schematic/history_1/simulation/default/HSPICE/nominal databaseName /home/itsupport/simulation/inverter,testbench,schematic/history_1/simulation/default/HSPICE/nominal/resultsDatabase remoteRun {} testbenchId 1 saveImages true
[10:07:50.81] /o false
[10:07:58.78] /i ::wf::viewerExited
[10:08:28.07] /i ::sa::_backgroundSaeShell::runScript /home/itsupport/simulation/inverter,testbench,schematic/history_1/simulation/default/HSPICE/nominal/.bg_measurement_script.tcl sa::_resultsDatabase::saeShellProcessingCompletedProc testSuiteName saeSession0 testbenchName default resultsDir /home/itsupport/simulation/inverter,testbench,schematic/history_1/simulation/default/HSPICE/nominal/results testSuiteDir /home/itsupport/simulation/inverter,testbench,schematic/history_1/simulation/default/HSPICE/nominal databaseName /home/itsupport/simulation/inverter,testbench,schematic/history_1/simulation/default/HSPICE/nominal/resultsDatabase remoteRun {} testbenchId 1 saveImages true
[10:08:28.24] /e Error: Evaluating 'v(/net3)': "Could not find net named: net3" (HIERARCHY_COMMANDS-007)
[10:08:28.30] /o saeInterBGSaeShell:  ::sa::_backgroundSaeShell::scriptFinished 0.2 {} sa::_resultsDatabase::saeShellProcessingCompletedProc testSuiteName saeSession0 testbenchName default resultsDir /home/itsupport/simulation/inverter,testbench,schematic/history_1/simulation/default/HSPICE/nominal/results testSuiteDir /home/itsupport/simulation/inverter,testbench,schematic/history_1/simulation/default/HSPICE/nominal databaseName /home/itsupport/simulation/inverter,testbench,schematic/history_1/simulation/default/HSPICE/nominal/resultsDatabase remoteRun {} testbenchId 1 saveImages true
[10:08:28.30] /o false
[10:08:36.88] /i ::wf::viewerExited
[10:09:44.79] /i ::sa::_backgroundSaeShell::runScript /home/itsupport/simulation/inverter,testbench,schematic/history_1/simulation/default/HSPICE/nominal/.bg_measurement_script.tcl sa::_resultsDatabase::saeShellProcessingCompletedProc testSuiteName saeSession0 testbenchName default resultsDir /home/itsupport/simulation/inverter,testbench,schematic/history_1/simulation/default/HSPICE/nominal/results testSuiteDir /home/itsupport/simulation/inverter,testbench,schematic/history_1/simulation/default/HSPICE/nominal databaseName /home/itsupport/simulation/inverter,testbench,schematic/history_1/simulation/default/HSPICE/nominal/resultsDatabase remoteRun {} testbenchId 1 saveImages true
[10:09:45.06] /o saeInterBGSaeShell:  ::sa::_backgroundSaeShell::scriptFinished 0.2 {} sa::_resultsDatabase::saeShellProcessingCompletedProc testSuiteName saeSession0 testbenchName default resultsDir /home/itsupport/simulation/inverter,testbench,schematic/history_1/simulation/default/HSPICE/nominal/results testSuiteDir /home/itsupport/simulation/inverter,testbench,schematic/history_1/simulation/default/HSPICE/nominal databaseName /home/itsupport/simulation/inverter,testbench,schematic/history_1/simulation/default/HSPICE/nominal/resultsDatabase remoteRun {} testbenchId 1 saveImages true
[10:09:45.06] /o false
[10:09:51.98] /i ::wf::viewerExited
[10:10:26.50] /i ::sa::_backgroundSaeShell::runScript /home/itsupport/simulation/inverter,testbench,schematic/history_1/simulation/default/HSPICE/nominal/.bg_measurement_script.tcl sa::_resultsDatabase::saeShellProcessingCompletedProc testSuiteName saeSession0 testbenchName default resultsDir /home/itsupport/simulation/inverter,testbench,schematic/history_1/simulation/default/HSPICE/nominal/results testSuiteDir /home/itsupport/simulation/inverter,testbench,schematic/history_1/simulation/default/HSPICE/nominal databaseName /home/itsupport/simulation/inverter,testbench,schematic/history_1/simulation/default/HSPICE/nominal/resultsDatabase remoteRun {} testbenchId 1 saveImages true
[10:10:26.73] /o saeInterBGSaeShell:  ::sa::_backgroundSaeShell::scriptFinished 0.2 {} sa::_resultsDatabase::saeShellProcessingCompletedProc testSuiteName saeSession0 testbenchName default resultsDir /home/itsupport/simulation/inverter,testbench,schematic/history_1/simulation/default/HSPICE/nominal/results testSuiteDir /home/itsupport/simulation/inverter,testbench,schematic/history_1/simulation/default/HSPICE/nominal databaseName /home/itsupport/simulation/inverter,testbench,schematic/history_1/simulation/default/HSPICE/nominal/resultsDatabase remoteRun {} testbenchId 1 saveImages true
[10:10:26.73] /o false
[10:10:32.10] /i ::wf::viewerExited
[10:13:05.00] /i ::sa::_backgroundSaeShell::runScript /home/itsupport/simulation/inverter,testbench,schematic/history_1/simulation/default/HSPICE/nominal/.bg_measurement_script.tcl sa::_resultsDatabase::saeShellProcessingCompletedProc testSuiteName saeSession0 testbenchName default resultsDir /home/itsupport/simulation/inverter,testbench,schematic/history_1/simulation/default/HSPICE/nominal/results testSuiteDir /home/itsupport/simulation/inverter,testbench,schematic/history_1/simulation/default/HSPICE/nominal databaseName /home/itsupport/simulation/inverter,testbench,schematic/history_1/simulation/default/HSPICE/nominal/resultsDatabase remoteRun {} testbenchId 1 saveImages true
[10:13:05.25] /o saeInterBGSaeShell:  ::sa::_backgroundSaeShell::scriptFinished 0.2 {} sa::_resultsDatabase::saeShellProcessingCompletedProc testSuiteName saeSession0 testbenchName default resultsDir /home/itsupport/simulation/inverter,testbench,schematic/history_1/simulation/default/HSPICE/nominal/results testSuiteDir /home/itsupport/simulation/inverter,testbench,schematic/history_1/simulation/default/HSPICE/nominal databaseName /home/itsupport/simulation/inverter,testbench,schematic/history_1/simulation/default/HSPICE/nominal/resultsDatabase remoteRun {} testbenchId 1 saveImages true
[10:13:05.25] /o false
[10:13:41.28] /i ::wf::viewerExited
[10:15:10.29] /i ::sa::_backgroundSaeShell::runScript /home/itsupport/simulation/inverter,testbench,schematic/history_1/simulation/default/HSPICE/nominal/.bg_measurement_script.tcl sa::_resultsDatabase::saeShellProcessingCompletedProc testSuiteName saeSession0 testbenchName default resultsDir /home/itsupport/simulation/inverter,testbench,schematic/history_1/simulation/default/HSPICE/nominal/results testSuiteDir /home/itsupport/simulation/inverter,testbench,schematic/history_1/simulation/default/HSPICE/nominal databaseName /home/itsupport/simulation/inverter,testbench,schematic/history_1/simulation/default/HSPICE/nominal/resultsDatabase remoteRun {} testbenchId 1 saveImages true
[10:15:10.64] /o saeInterBGSaeShell:  ::sa::_backgroundSaeShell::scriptFinished 0.3 {} sa::_resultsDatabase::saeShellProcessingCompletedProc testSuiteName saeSession0 testbenchName default resultsDir /home/itsupport/simulation/inverter,testbench,schematic/history_1/simulation/default/HSPICE/nominal/results testSuiteDir /home/itsupport/simulation/inverter,testbench,schematic/history_1/simulation/default/HSPICE/nominal databaseName /home/itsupport/simulation/inverter,testbench,schematic/history_1/simulation/default/HSPICE/nominal/resultsDatabase remoteRun {} testbenchId 1 saveImages true
[10:15:10.64] /o false
[10:15:37.98] /i ::wf::viewerExited
[10:16:25.47] /i ::sa::_backgroundSaeShell::runScript /home/itsupport/simulation/inverter,testbench,schematic/history_1/simulation/default/HSPICE/nominal/.bg_measurement_script.tcl sa::_resultsDatabase::saeShellProcessingCompletedProc testSuiteName saeSession0 testbenchName default resultsDir /home/itsupport/simulation/inverter,testbench,schematic/history_1/simulation/default/HSPICE/nominal/results testSuiteDir /home/itsupport/simulation/inverter,testbench,schematic/history_1/simulation/default/HSPICE/nominal databaseName /home/itsupport/simulation/inverter,testbench,schematic/history_1/simulation/default/HSPICE/nominal/resultsDatabase remoteRun {} testbenchId 1 saveImages true
[10:16:25.71] /o saeInterBGSaeShell:  ::sa::_backgroundSaeShell::scriptFinished 0.2 {} sa::_resultsDatabase::saeShellProcessingCompletedProc testSuiteName saeSession0 testbenchName default resultsDir /home/itsupport/simulation/inverter,testbench,schematic/history_1/simulation/default/HSPICE/nominal/results testSuiteDir /home/itsupport/simulation/inverter,testbench,schematic/history_1/simulation/default/HSPICE/nominal databaseName /home/itsupport/simulation/inverter,testbench,schematic/history_1/simulation/default/HSPICE/nominal/resultsDatabase remoteRun {} testbenchId 1 saveImages true
[10:16:25.71] /o false
[10:16:52.28] /i ::wf::viewerExited
[10:19:08.79] /i ::sa::_backgroundSaeShell::runScript /home/itsupport/simulation/inverter,testbench,schematic/history_1/simulation/default/HSPICE/nominal/.bg_measurement_script.tcl sa::_resultsDatabase::saeShellProcessingCompletedProc testSuiteName saeSession0 testbenchName default resultsDir /home/itsupport/simulation/inverter,testbench,schematic/history_1/simulation/default/HSPICE/nominal/results testSuiteDir /home/itsupport/simulation/inverter,testbench,schematic/history_1/simulation/default/HSPICE/nominal databaseName /home/itsupport/simulation/inverter,testbench,schematic/history_1/simulation/default/HSPICE/nominal/resultsDatabase remoteRun {} testbenchId 1 saveImages true
[10:19:09.01] /o saeInterBGSaeShell:  ::sa::_backgroundSaeShell::scriptFinished 0.2 {} sa::_resultsDatabase::saeShellProcessingCompletedProc testSuiteName saeSession0 testbenchName default resultsDir /home/itsupport/simulation/inverter,testbench,schematic/history_1/simulation/default/HSPICE/nominal/results testSuiteDir /home/itsupport/simulation/inverter,testbench,schematic/history_1/simulation/default/HSPICE/nominal databaseName /home/itsupport/simulation/inverter,testbench,schematic/history_1/simulation/default/HSPICE/nominal/resultsDatabase remoteRun {} testbenchId 1 saveImages true
[10:19:09.01] /o false
[10:19:26.78] /i ::wf::viewerExited
[10:20:04.70] /i ::sa::_backgroundSaeShell::runScript /home/itsupport/simulation/inverter,testbench,schematic/history_1/simulation/default/HSPICE/nominal/.bg_measurement_script.tcl sa::_resultsDatabase::saeShellProcessingCompletedProc testSuiteName saeSession0 testbenchName default resultsDir /home/itsupport/simulation/inverter,testbench,schematic/history_1/simulation/default/HSPICE/nominal/results testSuiteDir /home/itsupport/simulation/inverter,testbench,schematic/history_1/simulation/default/HSPICE/nominal databaseName /home/itsupport/simulation/inverter,testbench,schematic/history_1/simulation/default/HSPICE/nominal/resultsDatabase remoteRun {} testbenchId 1 saveImages true
[10:20:04.96] /o saeInterBGSaeShell:  ::sa::_backgroundSaeShell::scriptFinished 0.2 {} sa::_resultsDatabase::saeShellProcessingCompletedProc testSuiteName saeSession0 testbenchName default resultsDir /home/itsupport/simulation/inverter,testbench,schematic/history_1/simulation/default/HSPICE/nominal/results testSuiteDir /home/itsupport/simulation/inverter,testbench,schematic/history_1/simulation/default/HSPICE/nominal databaseName /home/itsupport/simulation/inverter,testbench,schematic/history_1/simulation/default/HSPICE/nominal/resultsDatabase remoteRun {} testbenchId 1 saveImages true
[10:20:04.96] /o false
[10:20:22.18] /i ::wf::viewerExited
[10:21:01.49] /i ::sa::_backgroundSaeShell::runScript /home/itsupport/simulation/inverter,testbench,schematic/history_1/simulation/default/HSPICE/nominal/.bg_measurement_script.tcl sa::_resultsDatabase::saeShellProcessingCompletedProc testSuiteName saeSession0 testbenchName default resultsDir /home/itsupport/simulation/inverter,testbench,schematic/history_1/simulation/default/HSPICE/nominal/results testSuiteDir /home/itsupport/simulation/inverter,testbench,schematic/history_1/simulation/default/HSPICE/nominal databaseName /home/itsupport/simulation/inverter,testbench,schematic/history_1/simulation/default/HSPICE/nominal/resultsDatabase remoteRun {} testbenchId 1 saveImages true
[10:21:01.72] /o saeInterBGSaeShell:  ::sa::_backgroundSaeShell::scriptFinished 0.2 {} sa::_resultsDatabase::saeShellProcessingCompletedProc testSuiteName saeSession0 testbenchName default resultsDir /home/itsupport/simulation/inverter,testbench,schematic/history_1/simulation/default/HSPICE/nominal/results testSuiteDir /home/itsupport/simulation/inverter,testbench,schematic/history_1/simulation/default/HSPICE/nominal databaseName /home/itsupport/simulation/inverter,testbench,schematic/history_1/simulation/default/HSPICE/nominal/resultsDatabase remoteRun {} testbenchId 1 saveImages true
[10:21:01.72] /o false
[10:21:16.89] /i ::wf::viewerExited
[10:22:21.56] /i ::sa::_backgroundSaeShell::runScript /home/itsupport/simulation/inverter,testbench,schematic/history_1/simulation/default/HSPICE/nominal/.bg_measurement_script.tcl sa::_resultsDatabase::saeShellProcessingCompletedProc testSuiteName saeSession0 testbenchName default resultsDir /home/itsupport/simulation/inverter,testbench,schematic/history_1/simulation/default/HSPICE/nominal/results testSuiteDir /home/itsupport/simulation/inverter,testbench,schematic/history_1/simulation/default/HSPICE/nominal databaseName /home/itsupport/simulation/inverter,testbench,schematic/history_1/simulation/default/HSPICE/nominal/resultsDatabase remoteRun {} testbenchId 1 saveImages true
[10:22:21.92] /o saeInterBGSaeShell:  ::sa::_backgroundSaeShell::scriptFinished 0.3 {} sa::_resultsDatabase::saeShellProcessingCompletedProc testSuiteName saeSession0 testbenchName default resultsDir /home/itsupport/simulation/inverter,testbench,schematic/history_1/simulation/default/HSPICE/nominal/results testSuiteDir /home/itsupport/simulation/inverter,testbench,schematic/history_1/simulation/default/HSPICE/nominal databaseName /home/itsupport/simulation/inverter,testbench,schematic/history_1/simulation/default/HSPICE/nominal/resultsDatabase remoteRun {} testbenchId 1 saveImages true
[10:22:21.92] /o false
[10:22:39.08] /i ::wf::viewerExited
[10:23:29.27] /i ::sa::_backgroundSaeShell::runScript /home/itsupport/simulation/inverter,testbench,schematic/history_1/simulation/default/HSPICE/nominal/.bg_measurement_script.tcl sa::_resultsDatabase::saeShellProcessingCompletedProc testSuiteName saeSession0 testbenchName default resultsDir /home/itsupport/simulation/inverter,testbench,schematic/history_1/simulation/default/HSPICE/nominal/results testSuiteDir /home/itsupport/simulation/inverter,testbench,schematic/history_1/simulation/default/HSPICE/nominal databaseName /home/itsupport/simulation/inverter,testbench,schematic/history_1/simulation/default/HSPICE/nominal/resultsDatabase remoteRun {} testbenchId 1 saveImages true
[10:23:29.52] /o saeInterBGSaeShell:  ::sa::_backgroundSaeShell::scriptFinished 0.2 {} sa::_resultsDatabase::saeShellProcessingCompletedProc testSuiteName saeSession0 testbenchName default resultsDir /home/itsupport/simulation/inverter,testbench,schematic/history_1/simulation/default/HSPICE/nominal/results testSuiteDir /home/itsupport/simulation/inverter,testbench,schematic/history_1/simulation/default/HSPICE/nominal databaseName /home/itsupport/simulation/inverter,testbench,schematic/history_1/simulation/default/HSPICE/nominal/resultsDatabase remoteRun {} testbenchId 1 saveImages true
[10:23:29.52] /o false
[10:24:00.70] /i ::wf::viewerExited
