[08:27:56.88] /m Information: License 'SAE' checked out. (LICENSE-003)
[08:27:58.58] /o sae_shell Version Custom Compiler N-2017.12-SP1-2
              /c Build  (OPT) compiled on Wed May 16 15:20:56 2018 for RHEL64 6.6
              /c Execution time: Fri Mar 13 08:27:54 2026
              /c Host: localhost.localdomain
              /c 
              /c Copyright © 2004-2018 Synopsys, Inc.
              /c This software and the associated documentation are proprietary to Synopsys, Inc. This software may only be used in accordance with the terms and conditions of a written license agreement with Synopsys, Inc. All other use, reproduction, or distribution of this software is strictly prohibited.
              /c 
              /c 
[08:27:58.60] /w Warning: Preference 'leActiveLPP' is deprecated and scheduled for removal in a future release with no replacement. For migration assistance, see the Custom Compiler Tcl Reference Manual. (PREFERENCE-058)
[08:27:58.60] /o 	#######################################
[08:27:58.60] /o 	PDK Library Name	: reference90RF
[08:27:58.60] /o 	PDK Version		: 2.0
[08:27:58.60] /o 	PDK Release Date	: 25-March-2010 
[08:27:58.60] /o 	#######################################
[08:27:58.60] /o 
[08:27:58.60] /i ::sa::_backgroundSaeShell::signalProcessReady 1773365273
[08:27:58.61] /o saeInterBGSaeShell:  ::sa::_backgroundSaeShell::processReady 5
[08:29:26.61] /i ::sa::_backgroundSaeShell::runScript /home/itsupport/simulation/inverter,testbench,config/history_1/simulation/default/HSPICE/nominal/.bg_measurement_script.tcl sa::_resultsDatabase::saeShellProcessingCompletedProc testSuiteName saeSession0 testbenchName default resultsDir /home/itsupport/simulation/inverter,testbench,config/history_1/simulation/default/HSPICE/nominal/results testSuiteDir /home/itsupport/simulation/inverter,testbench,config/history_1/simulation/default/HSPICE/nominal databaseName /home/itsupport/simulation/inverter,testbench,config/history_1/simulation/default/HSPICE/nominal/resultsDatabase remoteRun {} testbenchId 1 saveImages true
[08:29:27.65] /m Information: Started sharing "Custom WaveView" license. (WAVEFORM-110)
[08:29:27.86] /o saeInterBGSaeShell:  ::sa::_backgroundSaeShell::scriptFinished 1.2 {} sa::_resultsDatabase::saeShellProcessingCompletedProc testSuiteName saeSession0 testbenchName default resultsDir /home/itsupport/simulation/inverter,testbench,config/history_1/simulation/default/HSPICE/nominal/results testSuiteDir /home/itsupport/simulation/inverter,testbench,config/history_1/simulation/default/HSPICE/nominal databaseName /home/itsupport/simulation/inverter,testbench,config/history_1/simulation/default/HSPICE/nominal/resultsDatabase remoteRun {} testbenchId 1 saveImages true
[08:29:27.86] /o false
[08:30:01.83] /i ::wf::viewerExited
[08:30:35.54] /i ::sa::_backgroundSaeShell::runScript /home/itsupport/simulation/inverter,testbench,config/history_1/simulation/default/HSPICE/nominal/.bg_measurement_script.tcl sa::_resultsDatabase::saeShellProcessingCompletedProc testSuiteName saeSession0 testbenchName default resultsDir /home/itsupport/simulation/inverter,testbench,config/history_1/simulation/default/HSPICE/nominal/results testSuiteDir /home/itsupport/simulation/inverter,testbench,config/history_1/simulation/default/HSPICE/nominal databaseName /home/itsupport/simulation/inverter,testbench,config/history_1/simulation/default/HSPICE/nominal/resultsDatabase remoteRun {} testbenchId 1 saveImages true
[08:30:35.79] /o saeInterBGSaeShell:  ::sa::_backgroundSaeShell::scriptFinished 0.2 {} sa::_resultsDatabase::saeShellProcessingCompletedProc testSuiteName saeSession0 testbenchName default resultsDir /home/itsupport/simulation/inverter,testbench,config/history_1/simulation/default/HSPICE/nominal/results testSuiteDir /home/itsupport/simulation/inverter,testbench,config/history_1/simulation/default/HSPICE/nominal databaseName /home/itsupport/simulation/inverter,testbench,config/history_1/simulation/default/HSPICE/nominal/resultsDatabase remoteRun {} testbenchId 1 saveImages true
[08:30:35.79] /o false
[08:30:48.73] /i ::wf::viewerExited
[08:34:21.93] /i ::sa::_backgroundSaeShell::runScript /home/itsupport/simulation/inverter,testbench,config/history_1/simulation/default/HSPICE/nominal/.bg_measurement_script.tcl sa::_resultsDatabase::saeShellProcessingCompletedProc testSuiteName saeSession0 testbenchName default resultsDir /home/itsupport/simulation/inverter,testbench,config/history_1/simulation/default/HSPICE/nominal/results testSuiteDir /home/itsupport/simulation/inverter,testbench,config/history_1/simulation/default/HSPICE/nominal databaseName /home/itsupport/simulation/inverter,testbench,config/history_1/simulation/default/HSPICE/nominal/resultsDatabase remoteRun {} testbenchId 1 saveImages true
[08:34:22.19] /o saeInterBGSaeShell:  ::sa::_backgroundSaeShell::scriptFinished 0.2 {} sa::_resultsDatabase::saeShellProcessingCompletedProc testSuiteName saeSession0 testbenchName default resultsDir /home/itsupport/simulation/inverter,testbench,config/history_1/simulation/default/HSPICE/nominal/results testSuiteDir /home/itsupport/simulation/inverter,testbench,config/history_1/simulation/default/HSPICE/nominal databaseName /home/itsupport/simulation/inverter,testbench,config/history_1/simulation/default/HSPICE/nominal/resultsDatabase remoteRun {} testbenchId 1 saveImages true
[08:34:22.19] /o false
[08:35:05.23] /i ::wf::viewerExited
[08:36:31.52] /i ::sa::_backgroundSaeShell::runScript /home/itsupport/simulation/inverter,testbench,config/history_1/simulation/default/HSPICE/nominal/.bg_measurement_script.tcl sa::_resultsDatabase::saeShellProcessingCompletedProc testSuiteName saeSession0 testbenchName default resultsDir /home/itsupport/simulation/inverter,testbench,config/history_1/simulation/default/HSPICE/nominal/results testSuiteDir /home/itsupport/simulation/inverter,testbench,config/history_1/simulation/default/HSPICE/nominal databaseName /home/itsupport/simulation/inverter,testbench,config/history_1/simulation/default/HSPICE/nominal/resultsDatabase remoteRun {} testbenchId 1 saveImages true
[08:36:31.77] /o saeInterBGSaeShell:  ::sa::_backgroundSaeShell::scriptFinished 0.2 {} sa::_resultsDatabase::saeShellProcessingCompletedProc testSuiteName saeSession0 testbenchName default resultsDir /home/itsupport/simulation/inverter,testbench,config/history_1/simulation/default/HSPICE/nominal/results testSuiteDir /home/itsupport/simulation/inverter,testbench,config/history_1/simulation/default/HSPICE/nominal databaseName /home/itsupport/simulation/inverter,testbench,config/history_1/simulation/default/HSPICE/nominal/resultsDatabase remoteRun {} testbenchId 1 saveImages true
[08:36:31.77] /o false
[08:37:12.34] /i ::wf::viewerExited
[08:38:54.13] /i ::sa::_backgroundSaeShell::runScript /home/itsupport/simulation/inverter,testbench,config/history_1/simulation/default/HSPICE/nominal/.bg_measurement_script.tcl sa::_resultsDatabase::saeShellProcessingCompletedProc testSuiteName saeSession0 testbenchName default resultsDir /home/itsupport/simulation/inverter,testbench,config/history_1/simulation/default/HSPICE/nominal/results testSuiteDir /home/itsupport/simulation/inverter,testbench,config/history_1/simulation/default/HSPICE/nominal databaseName /home/itsupport/simulation/inverter,testbench,config/history_1/simulation/default/HSPICE/nominal/resultsDatabase remoteRun {} testbenchId 1 saveImages true
[08:38:54.40] /o saeInterBGSaeShell:  ::sa::_backgroundSaeShell::scriptFinished 0.2 {} sa::_resultsDatabase::saeShellProcessingCompletedProc testSuiteName saeSession0 testbenchName default resultsDir /home/itsupport/simulation/inverter,testbench,config/history_1/simulation/default/HSPICE/nominal/results testSuiteDir /home/itsupport/simulation/inverter,testbench,config/history_1/simulation/default/HSPICE/nominal databaseName /home/itsupport/simulation/inverter,testbench,config/history_1/simulation/default/HSPICE/nominal/resultsDatabase remoteRun {} testbenchId 1 saveImages true
[08:38:54.40] /o false
[08:43:55.63] /o saeInterBGSaeShell:  ::sa::_backgroundSaeShell::pingBack
[08:43:55.72] /i ::sa::_backgroundSaeShell::parentRunning
[08:43:55.73] /o 1773366235
[08:43:59.02] /m Information: Stopped sharing "Custom WaveView" license. (WAVEFORM-111)
[08:48:56.64] /o saeInterBGSaeShell:  ::sa::_backgroundSaeShell::pingBack
[08:48:56.66] /i ::sa::_backgroundSaeShell::parentRunning
[08:48:56.66] /o 1773366536
[08:53:57.65] /o saeInterBGSaeShell:  ::sa::_backgroundSaeShell::pingBack
[08:53:57.73] /i ::sa::_backgroundSaeShell::parentRunning
[08:53:57.73] /o 1773366837
[08:58:58.66] /o saeInterBGSaeShell:  ::sa::_backgroundSaeShell::pingBack
[08:58:58.73] /i ::sa::_backgroundSaeShell::parentRunning
[08:58:58.73] /o 1773367138
[09:03:59.67] /o saeInterBGSaeShell:  ::sa::_backgroundSaeShell::pingBack
[09:03:59.73] /i ::sa::_backgroundSaeShell::parentRunning
[09:03:59.73] /o 1773367439
[09:09:00.67] /o saeInterBGSaeShell:  ::sa::_backgroundSaeShell::pingBack
[09:09:00.73] /i ::sa::_backgroundSaeShell::parentRunning
[09:09:00.73] /o 1773367740
[09:11:59.30] /i ::sa::_backgroundSaeShell::runScript /home/itsupport/simulation/inverter,testbench,config/history_1/simulation/default/HSPICE/parametric/.bg_measurement_script.tcl sa::_resultsDatabase::saeShellProcessingCompletedProc testSuiteName saeSession0 testbenchName default resultsDir /home/itsupport/simulation/inverter,testbench,config/history_1/simulation/default/HSPICE/parametric/results testSuiteDir /home/itsupport/simulation/inverter,testbench,config/history_1/simulation/default/HSPICE/parametric databaseName /home/itsupport/simulation/inverter,testbench,config/history_1/simulation/default/HSPICE/parametric/resultsDatabase remoteRun {} testbenchId 1 saveImages true
[09:11:59.57] /m Information: Started sharing "Custom WaveView" license. (WAVEFORM-110)
[09:11:59.99] /o saeInterBGSaeShell:  ::sa::_backgroundSaeShell::scriptFinished 0.6 {} sa::_resultsDatabase::saeShellProcessingCompletedProc testSuiteName saeSession0 testbenchName default resultsDir /home/itsupport/simulation/inverter,testbench,config/history_1/simulation/default/HSPICE/parametric/results testSuiteDir /home/itsupport/simulation/inverter,testbench,config/history_1/simulation/default/HSPICE/parametric databaseName /home/itsupport/simulation/inverter,testbench,config/history_1/simulation/default/HSPICE/parametric/resultsDatabase remoteRun {} testbenchId 1 saveImages true
[09:11:59.99] /o false
[09:17:00.02] /m Information: Stopped sharing "Custom WaveView" license. (WAVEFORM-111)
[09:17:00.69] /o saeInterBGSaeShell:  ::sa::_backgroundSaeShell::pingBack
[09:17:00.73] /i ::sa::_backgroundSaeShell::parentRunning
[09:17:00.73] /o 1773368220
[09:22:01.71] /o saeInterBGSaeShell:  ::sa::_backgroundSaeShell::pingBack
[09:22:01.73] /i ::sa::_backgroundSaeShell::parentRunning
[09:22:01.73] /o 1773368521
[09:27:02.72] /o saeInterBGSaeShell:  ::sa::_backgroundSaeShell::pingBack
[09:27:02.73] /i ::sa::_backgroundSaeShell::parentRunning
[09:27:02.73] /o 1773368822
[09:27:28.65] /i ::sa::_backgroundSaeShell::runScript /home/itsupport/simulation/inverter,testbench,config/history_1/simulation/default/HSPICE/nominal/.bg_measurement_script.tcl sa::_resultsDatabase::saeShellProcessingCompletedProc testSuiteName saeSession0 testbenchName default resultsDir /home/itsupport/simulation/inverter,testbench,config/history_1/simulation/default/HSPICE/nominal/results testSuiteDir /home/itsupport/simulation/inverter,testbench,config/history_1/simulation/default/HSPICE/nominal databaseName /home/itsupport/simulation/inverter,testbench,config/history_1/simulation/default/HSPICE/nominal/resultsDatabase remoteRun {} testbenchId 1 saveImages true
[09:27:28.87] /m Information: Started sharing "Custom WaveView" license. (WAVEFORM-110)
[09:27:28.93] /o saeInterBGSaeShell:  ::sa::_backgroundSaeShell::scriptFinished 0.2 {} sa::_resultsDatabase::saeShellProcessingCompletedProc testSuiteName saeSession0 testbenchName default resultsDir /home/itsupport/simulation/inverter,testbench,config/history_1/simulation/default/HSPICE/nominal/results testSuiteDir /home/itsupport/simulation/inverter,testbench,config/history_1/simulation/default/HSPICE/nominal databaseName /home/itsupport/simulation/inverter,testbench,config/history_1/simulation/default/HSPICE/nominal/resultsDatabase remoteRun {} testbenchId 1 saveImages true
[09:27:28.93] /o false
[09:29:25.93] /i ::sa::_backgroundSaeShell::runScript /home/itsupport/simulation/inverter,testbench,config/history_1/simulation/default/HSPICE/parametric/.bg_measurement_script.tcl sa::_resultsDatabase::saeShellProcessingCompletedProc testSuiteName saeSession0 testbenchName default resultsDir /home/itsupport/simulation/inverter,testbench,config/history_1/simulation/default/HSPICE/parametric/results testSuiteDir /home/itsupport/simulation/inverter,testbench,config/history_1/simulation/default/HSPICE/parametric databaseName /home/itsupport/simulation/inverter,testbench,config/history_1/simulation/default/HSPICE/parametric/resultsDatabase remoteRun {} testbenchId 1 saveImages true
[09:29:26.61] /o saeInterBGSaeShell:  ::sa::_backgroundSaeShell::scriptFinished 0.6 {} sa::_resultsDatabase::saeShellProcessingCompletedProc testSuiteName saeSession0 testbenchName default resultsDir /home/itsupport/simulation/inverter,testbench,config/history_1/simulation/default/HSPICE/parametric/results testSuiteDir /home/itsupport/simulation/inverter,testbench,config/history_1/simulation/default/HSPICE/parametric databaseName /home/itsupport/simulation/inverter,testbench,config/history_1/simulation/default/HSPICE/parametric/resultsDatabase remoteRun {} testbenchId 1 saveImages true
[09:29:26.61] /o false
[09:34:27.74] /o saeInterBGSaeShell:  ::sa::_backgroundSaeShell::pingBack
[09:34:27.83] /i ::sa::_backgroundSaeShell::parentRunning
[09:34:27.84] /o 1773369267
[09:34:31.02] /m Information: Stopped sharing "Custom WaveView" license. (WAVEFORM-111)
[09:39:28.75] /o saeInterBGSaeShell:  ::sa::_backgroundSaeShell::pingBack
[09:39:28.83] /i ::sa::_backgroundSaeShell::parentRunning
[09:39:28.83] /o 1773369568
[09:44:29.77] /o saeInterBGSaeShell:  ::sa::_backgroundSaeShell::pingBack
[09:44:29.84] /i ::sa::_backgroundSaeShell::parentRunning
[09:44:29.84] /o 1773369869
[09:49:30.99] /o saeInterBGSaeShell:  ::sa::_backgroundSaeShell::pingBack
[09:49:31.11] /i ::sa::_backgroundSaeShell::parentRunning
[09:49:31.11] /o 1773370171
[09:54:32.00] /o saeInterBGSaeShell:  ::sa::_backgroundSaeShell::pingBack
[09:54:32.03] /i ::sa::_backgroundSaeShell::parentRunning
[09:54:32.03] /o 1773370472
[09:59:33.00] /o saeInterBGSaeShell:  ::sa::_backgroundSaeShell::pingBack
[09:59:33.03] /i ::sa::_backgroundSaeShell::parentRunning
[09:59:33.03] /o 1773370773
[10:04:34.02] /o saeInterBGSaeShell:  ::sa::_backgroundSaeShell::pingBack
[10:04:34.03] /i ::sa::_backgroundSaeShell::parentRunning
[10:04:34.03] /o 1773371074
[10:09:35.02] /o saeInterBGSaeShell:  ::sa::_backgroundSaeShell::pingBack
[10:09:35.13] /i ::sa::_backgroundSaeShell::parentRunning
[10:09:35.13] /o 1773371375
[10:14:36.04] /o saeInterBGSaeShell:  ::sa::_backgroundSaeShell::pingBack
[10:14:36.13] /i ::sa::_backgroundSaeShell::parentRunning
[10:14:36.13] /o 1773371676
